[90m2022-02-25T16:44:02+07:00[0m | INFO  | /Users/cuwand/Source/go/pondasi/helper/stringHelper/random_test.go:16 Uv38ByGCZU8WPw== | APP
[90m2022-02-25T16:44:14+07:00[0m | INFO  | /Users/cuwand/Source/go/pondasi/helper/stringHelper/random_test.go:16 Uv38ByGCZU8WPw== | APP
[90m2022-02-25T16:44:16+07:00[0m | INFO  | /Users/cuwand/Source/go/pondasi/helper/stringHelper/random_test.go:16 Uv38ByGCZU8WPw== | APP
[90m2022-02-25T16:45:10+07:00[0m | INFO  | /Users/cuwand/Source/go/pondasi/helper/stringHelper/random_test.go:16 K547X6dHM1 | APP
[90m2022-02-25T16:45:10+07:00[0m | INFO  | /Users/cuwand/Source/go/pondasi/helper/stringHelper/random_test.go:24 5548949297 | APP
[90m2022-02-25T16:58:17+07:00[0m | INFO  | /Users/cuwand/Source/go/pondasi/helper/stringHelper/random_test.go:16 K547X6dHM1XFUaTqPeDFG30 | APP
[90m2022-02-25T16:58:17+07:00[0m | INFO  | /Users/cuwand/Source/go/pondasi/helper/stringHelper/random_test.go:24 73747968393064934930021 | APP
[90m2022-02-25T17:00:08+07:00[0m | INFO  | /Users/cuwand/Source/go/pondasi/helper/stringHelper/random_test.go:17 K547X6dHM1XFUaTqPeDFG30 | APP
[90m2022-02-25T17:00:08+07:00[0m | INFO  | /Users/cuwand/Source/go/pondasi/helper/stringHelper/random_test.go:25 73747968393064934930021 | APP
[90m2022-02-25T17:00:08+07:00[0m | INFO  | /Users/cuwand/Source/go/pondasi/helper/stringHelper/random_test.go:27 b3d6e790-8baa-4b13-af23-9f3e8d11b266 | APP
[90m2022-02-25T17:02:40+07:00[0m | INFO  | /Users/cuwand/Source/go/pondasi/helper/stringHelper/random_test.go:17 K547X6dHM1XFUaTqPeDFG30 | APP
[90m2022-02-25T17:02:40+07:00[0m | INFO  | /Users/cuwand/Source/go/pondasi/helper/stringHelper/random_test.go:25 73747968393064934930021 | APP
[90m2022-02-25T17:02:40+07:00[0m | INFO  | /Users/cuwand/Source/go/pondasi/helper/stringHelper/random_test.go:27 2cc2db7c-6661-4e3c-b664-7f3bdf817deb | APP
[90m2022-02-25T17:02:40+07:00[0m | INFO  | /Users/cuwand/Source/go/pondasi/helper/stringHelper/random_test.go:28 047b8ed4-cd0a-456e-89d1-2d95a2fea202 | APP
[90m2022-02-25T17:02:50+07:00[0m | INFO  | /Users/cuwand/Source/go/pondasi/helper/stringHelper/random_test.go:17 K547X6dHM1XFUaTqPeDFG30 | APP
[90m2022-02-25T17:02:50+07:00[0m | INFO  | /Users/cuwand/Source/go/pondasi/helper/stringHelper/random_test.go:25 73747968393064934930021 | APP
[90m2022-02-25T17:02:50+07:00[0m | INFO  | /Users/cuwand/Source/go/pondasi/helper/stringHelper/random_test.go:27 d4112c1f-a935-4d92-91ee-a0573c8473b5 | APP
[90m2022-02-25T17:02:50+07:00[0m | INFO  | /Users/cuwand/Source/go/pondasi/helper/stringHelper/random_test.go:28 303e9be173af4746b926f3710506d618 | APP
[90m2022-02-25T17:03:15+07:00[0m | INFO  | /Users/cuwand/Source/go/pondasi/helper/stringHelper/random_test.go:18 K547X6dHM1XFUaTqPeDFG30 | APP
[90m2022-02-25T17:03:15+07:00[0m | INFO  | /Users/cuwand/Source/go/pondasi/helper/stringHelper/random_test.go:26 73747968393064934930021 | APP
[90m2022-02-25T17:03:15+07:00[0m | INFO  | /Users/cuwand/Source/go/pondasi/helper/stringHelper/random_test.go:28 5793807c-ae76-4ff5-92bf-9520f304a035 | APP
[90m2022-02-25T17:03:15+07:00[0m | INFO  | /Users/cuwand/Source/go/pondasi/helper/stringHelper/random_test.go:29 C054C8F9FD934CD5B0BC458691C0A73F | APP
[90m2022-02-25T17:05:51+07:00[0m | INFO  | /Users/cuwand/Source/go/pondasi/helper/stringHelper/random_test.go:19 K547X6dHM1XFUaTqPeDFG30 | APP
[90m2022-02-25T17:05:51+07:00[0m | INFO  | /Users/cuwand/Source/go/pondasi/helper/stringHelper/random_test.go:27 73747968393064934930021 | APP
[90m2022-02-25T17:05:51+07:00[0m | INFO  | /Users/cuwand/Source/go/pondasi/helper/stringHelper/random_test.go:29 cd4f8cca-221a-4fb0-89ba-74761483139e | APP
[90m2022-02-25T17:05:51+07:00[0m | INFO  | /Users/cuwand/Source/go/pondasi/helper/stringHelper/random_test.go:30 2819A87944884DB68BE134DFB07F81AD | APP
[90m2022-02-25T17:05:51+07:00[0m | INFO  | /Users/cuwand/Source/go/pondasi/helper/stringHelper/random_test.go:31 hello bandung | APP
[90m2022-02-25T17:06:57+07:00[0m | INFO  | /Users/cuwand/Source/go/pondasi/helper/stringHelper/random_test.go:19 K547X6dHM1XFUaTqPeDFG30 | APP
[90m2022-02-25T17:06:57+07:00[0m | INFO  | /Users/cuwand/Source/go/pondasi/helper/stringHelper/random_test.go:27 73747968393064934930021 | APP
[90m2022-02-25T17:06:57+07:00[0m | INFO  | /Users/cuwand/Source/go/pondasi/helper/stringHelper/random_test.go:29 e5e6e1d6-2216-4c22-af23-3f4a2d86a667 | APP
[90m2022-02-25T17:06:57+07:00[0m | INFO  | /Users/cuwand/Source/go/pondasi/helper/stringHelper/random_test.go:30 34926A1AD9EC4274B14F81E56C6982D2 | APP
[90m2022-02-25T17:06:57+07:00[0m | INFO  | /Users/cuwand/Source/go/pondasi/helper/stringHelper/random_test.go:31 hello-bandung | APP
[90m2022-02-25T17:07:12+07:00[0m | INFO  | /Users/cuwand/Source/go/pondasi/helper/stringHelper/random_test.go:19 K547X6dHM1XFUaTqPeDFG30 | APP
[90m2022-02-25T17:07:12+07:00[0m | INFO  | /Users/cuwand/Source/go/pondasi/helper/stringHelper/random_test.go:27 73747968393064934930021 | APP
[90m2022-02-25T17:07:12+07:00[0m | INFO  | /Users/cuwand/Source/go/pondasi/helper/stringHelper/random_test.go:29 26355859-2ce9-4edd-972e-607b7b4e99ba | APP
[90m2022-02-25T17:07:12+07:00[0m | INFO  | /Users/cuwand/Source/go/pondasi/helper/stringHelper/random_test.go:30 57BB81E767704E8784AEE897F67DD26E | APP
[90m2022-02-25T17:07:12+07:00[0m | INFO  | /Users/cuwand/Source/go/pondasi/helper/stringHelper/random_test.go:31 2022-02-25t17:06:57+07:00 | APP
[90m2022-02-25T17:07:29+07:00[0m | INFO  | /Users/cuwand/Source/go/pondasi/helper/stringHelper/random_test.go:19 K547X6dHM1XFUaTqPeDFG30 | APP
[90m2022-02-25T17:07:29+07:00[0m | INFO  | /Users/cuwand/Source/go/pondasi/helper/stringHelper/random_test.go:27 73747968393064934930021 | APP
[90m2022-02-25T17:07:29+07:00[0m | INFO  | /Users/cuwand/Source/go/pondasi/helper/stringHelper/random_test.go:29 f7d3e494-1a6a-443b-939b-bd6b378bbdec | APP
[90m2022-02-25T17:07:29+07:00[0m | INFO  | /Users/cuwand/Source/go/pondasi/helper/stringHelper/random_test.go:30 A87D6EF6AA024A14A3A7A1B2FE27A766 | APP
[90m2022-02-25T17:07:29+07:00[0m | INFO  | /Users/cuwand/Source/go/pondasi/helper/stringHelper/random_test.go:31 lowercase-defines-if-the-resulting-slug-is-transformed-to-lowercase | APP
[90m2022-02-25T21:47:10+07:00[0m | INFO  | /Users/cuwand/Source/go/pondasi/helper/stringHelper/random_test.go:19 K547X6dHM1XFUaTqPeDFG30 | APP
[90m2022-02-25T21:47:10+07:00[0m | INFO  | /Users/cuwand/Source/go/pondasi/helper/stringHelper/random_test.go:27 73747968393064934930021 | APP
[90m2022-02-25T21:47:10+07:00[0m | INFO  | /Users/cuwand/Source/go/pondasi/helper/stringHelper/random_test.go:29 81586b35-da83-42ea-9513-5e5a5ec112a7 | APP
[90m2022-02-25T21:47:10+07:00[0m | INFO  | /Users/cuwand/Source/go/pondasi/helper/stringHelper/random_test.go:30 F1CFAC637DD240BEAC04471182C8C0F3 | APP
[90m2022-02-25T21:47:10+07:00[0m | INFO  | /Users/cuwand/Source/go/pondasi/helper/stringHelper/random_test.go:31 lowercase-defines-if-the-resulting-slug-is-transformed-to-lowercase | APP
